Saving new input (at run 1): input #0 of size 8; reason = +count +cov
Saved - errorDir/corpus/id_000000 random +count +cov
Saving new input (at run 2): input #0 of size 8; reason = +count +cov
Saved - errorDir/corpus/id_000001 random +count +cov
Saving new input (at run 3): input #0 of size 8; reason = +count +cov
Saved - errorDir/corpus/id_000002 random +count +cov
Saving new input (at run 5): input #0 of size 4; reason = +count +cov +valid
Saved - errorDir/corpus/id_000003 random +count +cov +valid
Saving new input (at run 6): input #0 of size 105909; reason = +count +cov +valid
Saved - errorDir/corpus/id_000004 random +count +cov +valid
Saving new input (at run 7): input #0 of size 8; reason = +count +cov +valid
Saved - errorDir/corpus/id_000005 random +count +cov +valid
Saving new input (at run 8): input #0 of size 8; reason = +count +cov
Saved - errorDir/corpus/id_000006 random +count +cov
Saving new input (at run 9): input #0 of size 4; reason = +count +cov +valid
Saved - errorDir/corpus/id_000007 random +count +cov +valid
Saving new input (at run 10): input #0 of size 8; reason = +count
Saved - errorDir/corpus/id_000008 random +count
Saving new input (at run 11): input #0 of size 8; reason = +count
Saved - errorDir/corpus/id_000009 random +count
Found crash: class nextflow.exception.AbortRunException - 
Saved - errorDir/failures/id_000000 random +crash
Saving new input (at run 16): input #0 of size 8; reason = +count +cov +valid
Saved - errorDir/corpus/id_000010 random +count +cov +valid
Saving new input (at run 17): input #0 of size 106229; reason = +count +cov +valid
Saved - errorDir/corpus/id_000011 random +count +cov +valid
Saving new input (at run 18): input #0 of size 4; reason = +count +cov +valid
Saved - errorDir/corpus/id_000012 random +count +cov +valid
Saving new input (at run 23): input #0 of size 4; reason = +count +cov +valid
Saved - errorDir/corpus/id_000013 random +count +cov +valid
Saving new input (at run 25): input #0 of size 8; reason = +count +cov +valid
Saved - errorDir/corpus/id_000014 random +count +cov +valid
Saving new input (at run 26): input #0 of size 8; reason = +count +cov
Saved - errorDir/corpus/id_000015 random +count +cov
Saving new input (at run 28): input #0 of size 8; reason = +count
Saved - errorDir/corpus/id_000016 random +count
Saving new input (at run 29): input #0 of size 8; reason = +count
Saved - errorDir/corpus/id_000017 random +count
Saving new input (at run 30): input #0 of size 8; reason = +count +cov
Saved - errorDir/corpus/id_000018 random +count +cov
Saving new input (at run 32): input #0 of size 105489; reason = +count +cov +valid
Saved - errorDir/corpus/id_000019 random +count +cov +valid
Saving new input (at run 33): input #0 of size 8; reason = +count
Saved - errorDir/corpus/id_000020 random +count
Saving new input (at run 35): input #0 of size 104697; reason = +count +cov +valid
Saved - errorDir/corpus/id_000021 random +count +cov +valid
Saving new input (at run 40): input #0 of size 8; reason = +count +cov
Saved - errorDir/corpus/id_000022 random +count +cov
Saving new input (at run 44): input #0 of size 105177; reason = +count
Saved - errorDir/corpus/id_000023 random +count
Saving new input (at run 45): input #0 of size 8; reason = +count
Saved - errorDir/corpus/id_000024 random +count
Saving new input (at run 49): input #0 of size 8; reason = +count +cov
Saved - errorDir/corpus/id_000025 random +count +cov
Saving new input (at run 51): input #0 of size 105073; reason = +count +cov +valid
Saved - errorDir/corpus/id_000026 random +count +cov +valid
Saving new input (at run 62): input #0 of size 106041; reason = +count +cov +valid
Saved - errorDir/corpus/id_000027 random +count +cov +valid
Saving new input (at run 65): input #0 of size 105365; reason = +count +cov +valid
Saved - errorDir/corpus/id_000028 random +count +cov +valid
Saving new input (at run 68): input #0 of size 4; reason = +count +cov +valid
Saved - errorDir/corpus/id_000029 random +count +cov +valid
Saving new input (at run 76): input #0 of size 105077; reason = +count +cov +valid
Saved - errorDir/corpus/id_000030 random +count +cov +valid
Saving new input (at run 80): input #0 of size 104973; reason = +count +cov +valid
Saved - errorDir/corpus/id_000031 random +count +cov +valid
Saving new input (at run 86): input #0 of size 106533; reason = +count +cov +valid
Saved - errorDir/corpus/id_000032 random +count +cov +valid
Saving new input (at run 91): input #0 of size 105153; reason = +count
Saved - errorDir/corpus/id_000033 random +count
Saving new input (at run 95): input #0 of size 8; reason = +count
Saved - errorDir/corpus/id_000034 random +count
Saving new input (at run 98): input #0 of size 105513; reason = +count
Saved - errorDir/corpus/id_000035 random +count
Saving new input (at run 110): input #0 of size 105593; reason = +count +cov +valid
Saved - errorDir/corpus/id_000036 random +count +cov +valid
Saving new input (at run 114): input #0 of size 105441; reason = +count
Saved - errorDir/corpus/id_000037 random +count
Saving new input (at run 119): input #0 of size 8; reason = +valid
Saved - errorDir/corpus/id_000038 random +valid
Saving new input (at run 134): input #0 of size 8; reason = +count +cov +valid
Saved - errorDir/corpus/id_000039 random +count +cov +valid
Saving new input (at run 139): input #0 of size 105237; reason = +count
Saved - errorDir/corpus/id_000040 random +count
Saving new input (at run 150): input #0 of size 104817; reason = +count
Saved - errorDir/corpus/id_000041 random +count
Saving new input (at run 165): input #0 of size 104837; reason = +count
Saved - errorDir/corpus/id_000042 random +count
Saving new input (at run 167): input #0 of size 105181; reason = +count
Saved - errorDir/corpus/id_000043 random +count
Saving new input (at run 173): input #0 of size 105237; reason = +count
Saved - errorDir/corpus/id_000044 random +count
Saving new input (at run 174): input #0 of size 105853; reason = +count
Saved - errorDir/corpus/id_000045 random +count
Saving new input (at run 185): input #0 of size 106361; reason = +count
Saved - errorDir/corpus/id_000046 random +count
Saving new input (at run 201): input #0 of size 105673; reason = +count +cov +valid
Saved - errorDir/corpus/id_000047 random +count +cov +valid
Saving new input (at run 206): input #0 of size 104793; reason = +count
Saved - errorDir/corpus/id_000048 random +count
Saving new input (at run 214): input #0 of size 105321; reason = +count +cov +valid
Saved - errorDir/corpus/id_000049 random +count +cov +valid
Saving new input (at run 217): input #0 of size 8; reason = +count +cov +valid
Saved - errorDir/corpus/id_000050 random +count +cov +valid
Saving new input (at run 222): input #0 of size 105337; reason = +count
Saved - errorDir/corpus/id_000051 random +count
Saving new input (at run 225): input #0 of size 106037; reason = +count
Saved - errorDir/corpus/id_000052 random +count
Saving new input (at run 226): input #0 of size 106105; reason = +count
Saved - errorDir/corpus/id_000053 random +count
Saving new input (at run 236): input #0 of size 105213; reason = +count
Saved - errorDir/corpus/id_000054 random +count
Saving new input (at run 239): input #0 of size 105913; reason = +count
Saved - errorDir/corpus/id_000055 random +count
Saving new input (at run 247): input #0 of size 105969; reason = +count
Saved - errorDir/corpus/id_000056 random +count
Saving new input (at run 250): input #0 of size 105457; reason = +count
Saved - errorDir/corpus/id_000057 random +count
Saving new input (at run 261): input #0 of size 8; reason = +count
Saved - errorDir/corpus/id_000058 random +count
Saving new input (at run 270): input #0 of size 105561; reason = +count
Saved - errorDir/corpus/id_000059 random +count
Saving new input (at run 271): input #0 of size 8; reason = +count
Saved - errorDir/corpus/id_000060 random +count
Saving new input (at run 281): input #0 of size 105149; reason = +count
Saved - errorDir/corpus/id_000061 random +count
Saving new input (at run 284): input #0 of size 105597; reason = +count
Saved - errorDir/corpus/id_000062 random +count
Saving new input (at run 290): input #0 of size 105705; reason = +count
Saved - errorDir/corpus/id_000063 random +count
Saving new input (at run 291): input #0 of size 105505; reason = +count
Saved - errorDir/corpus/id_000064 random +count
Saving new input (at run 303): input #0 of size 105929; reason = +count
Saved - errorDir/corpus/id_000065 random +count
Saving new input (at run 315): input #0 of size 105157; reason = +count
Saved - errorDir/corpus/id_000066 random +count
Saving new input (at run 316): input #0 of size 106257; reason = +count
Saved - errorDir/corpus/id_000067 random +count
Saving new input (at run 319): input #0 of size 105877; reason = +count
Saved - errorDir/corpus/id_000068 random +count
Saving new input (at run 324): input #0 of size 105233; reason = +count
Saved - errorDir/corpus/id_000069 random +count
Saving new input (at run 330): input #0 of size 105973; reason = +count
Saved - errorDir/corpus/id_000070 random +count
Saving new input (at run 357): input #0 of size 105681; reason = +count
Saved - errorDir/corpus/id_000071 random +count
Saving new input (at run 371): input #0 of size 105981; reason = +count
Saved - errorDir/corpus/id_000072 random +count
Saving new input (at run 374): input #0 of size 104777; reason = +count
Saved - errorDir/corpus/id_000073 random +count
Saving new input (at run 378): input #0 of size 105213; reason = +count
Saved - errorDir/corpus/id_000074 random +count
Saving new input (at run 404): input #0 of size 104709; reason = +count
Saved - errorDir/corpus/id_000075 random +count
Saving new input (at run 407): input #0 of size 106249; reason = +count
Saved - errorDir/corpus/id_000076 random +count
Saving new input (at run 431): input #0 of size 105929; reason = +count
Saved - errorDir/corpus/id_000077 random +count
Saving new input (at run 438): input #0 of size 106249; reason = +count
Saved - errorDir/corpus/id_000078 random +count
Saving new input (at run 468): input #0 of size 105337; reason = +count
Saved - errorDir/corpus/id_000079 random +count
Saving new input (at run 470): input #0 of size 104429; reason = +count
Saved - errorDir/corpus/id_000080 random +count
Saving new input (at run 476): input #0 of size 105945; reason = +count
Saved - errorDir/corpus/id_000081 random +count
Saving new input (at run 484): input #0 of size 106269; reason = +count
Saved - errorDir/corpus/id_000082 random +count
Saving new input (at run 486): input #0 of size 105509; reason = +count
Saved - errorDir/corpus/id_000083 random +count
Saving new input (at run 543): input #0 of size 106289; reason = +count
Saved - errorDir/corpus/id_000084 random +count
Saving new input (at run 546): input #0 of size 104753; reason = +count
Saved - errorDir/corpus/id_000085 random +count
Saving new input (at run 555): input #0 of size 104173; reason = +count
Saved - errorDir/corpus/id_000086 random +count
Saving new input (at run 559): input #0 of size 8; reason = +count
Saved - errorDir/corpus/id_000087 random +count
Saving new input (at run 560): input #0 of size 106065; reason = +count
Saved - errorDir/corpus/id_000088 random +count
Saving new input (at run 566): input #0 of size 105249; reason = +count
Saved - errorDir/corpus/id_000089 random +count
Saving new input (at run 576): input #0 of size 106057; reason = +count
Saved - errorDir/corpus/id_000090 random +count
Saving new input (at run 608): input #0 of size 105837; reason = +count
Saved - errorDir/corpus/id_000091 random +count
Saving new input (at run 624): input #0 of size 105993; reason = +count
Saved - errorDir/corpus/id_000092 random +count
Saving new input (at run 625): input #0 of size 105585; reason = +count +cov +valid
Saved - errorDir/corpus/id_000093 random +count +cov +valid
Saving new input (at run 630): input #0 of size 105813; reason = +count
Saved - errorDir/corpus/id_000094 random +count
Saving new input (at run 661): input #0 of size 105221; reason = +count
Saved - errorDir/corpus/id_000095 random +count
Saving new input (at run 696): input #0 of size 104909; reason = +count
Saved - errorDir/corpus/id_000096 random +count
Saving new input (at run 707): input #0 of size 105701; reason = +count
Saved - errorDir/corpus/id_000097 random +count
Saving new input (at run 729): input #0 of size 105889; reason = +count
Saved - errorDir/corpus/id_000098 random +count
Saving new input (at run 731): input #0 of size 105169; reason = +count
Saved - errorDir/corpus/id_000099 random +count
Saving new input (at run 769): input #0 of size 105545; reason = +count
Saved - errorDir/corpus/id_000100 random +count
Saving new input (at run 779): input #0 of size 106677; reason = +count
Saved - errorDir/corpus/id_000101 random +count
Saving new input (at run 786): input #0 of size 105825; reason = +count
Saved - errorDir/corpus/id_000102 random +count
Saving new input (at run 800): input #0 of size 105301; reason = +count
Saved - errorDir/corpus/id_000103 random +count
Saving new input (at run 803): input #0 of size 105753; reason = +count
Saved - errorDir/corpus/id_000104 random +count
Saving new input (at run 837): input #0 of size 105725; reason = +count
Saved - errorDir/corpus/id_000105 random +count
Saving new input (at run 852): input #0 of size 105525; reason = +count
Saved - errorDir/corpus/id_000106 random +count
Saving new input (at run 861): input #0 of size 105277; reason = +count
Saved - errorDir/corpus/id_000107 random +count
Saving new input (at run 891): input #0 of size 105197; reason = +count
Saved - errorDir/corpus/id_000108 random +count
Saving new input (at run 917): input #0 of size 105481; reason = +count +cov +valid
Saved - errorDir/corpus/id_000109 random +count +cov +valid
Saving new input (at run 932): input #0 of size 105057; reason = +count
Saved - errorDir/corpus/id_000110 random +count
Saving new input (at run 971): input #0 of size 106313; reason = +count
Saved - errorDir/corpus/id_000111 random +count
Saving new input (at run 976): input #0 of size 105621; reason = +count
Saved - errorDir/corpus/id_000112 random +count
Saving new input (at run 999): input #0 of size 104881; reason = +count
Saved - errorDir/corpus/id_000113 random +count
Saving new input (at run 1003): input #0 of size 104989; reason = +count
Saved - errorDir/corpus/id_000114 random +count
Saving new input (at run 1014): input #0 of size 106085; reason = +count
Saved - errorDir/corpus/id_000115 random +count
Saving new input (at run 1018): input #0 of size 105065; reason = +count
Saved - errorDir/corpus/id_000116 random +count
Saving new input (at run 1036): input #0 of size 105433; reason = +count
Saved - errorDir/corpus/id_000117 random +count
Saving new input (at run 1040): input #0 of size 104821; reason = +count
Saved - errorDir/corpus/id_000118 random +count
Saving new input (at run 1043): input #0 of size 105281; reason = +count
Saved - errorDir/corpus/id_000119 random +count
Saving new input (at run 1047): input #0 of size 105445; reason = +count
Saved - errorDir/corpus/id_000120 random +count
Saving new input (at run 1051): input #0 of size 105149; reason = +count
Saved - errorDir/corpus/id_000121 random +count
Saving new input (at run 1070): input #0 of size 105101; reason = +count
Saved - errorDir/corpus/id_000122 random +count
Saving new input (at run 1148): input #0 of size 104393; reason = +count
Saved - errorDir/corpus/id_000123 random +count
Found crash: class groovy.lang.MissingPropertyException - No such property: process for class: Script_f86edf94
Saved - errorDir/failures/id_000001 random +crash
Saving new input (at run 1159): input #0 of size 106129; reason = +count +cov +valid
Saved - errorDir/corpus/id_000124 random +count +cov +valid
Saving new input (at run 1172): input #0 of size 105573; reason = +count
Saved - errorDir/corpus/id_000125 random +count
Saving new input (at run 1194): input #0 of size 105781; reason = +count
Saved - errorDir/corpus/id_000126 random +count
Saving new input (at run 1263): input #0 of size 106117; reason = +count
Saved - errorDir/corpus/id_000127 random +count
Saving new input (at run 1311): input #0 of size 105509; reason = +count
Saved - errorDir/corpus/id_000128 random +count
Saving new input (at run 1341): input #0 of size 105413; reason = +count
Saved - errorDir/corpus/id_000129 random +count
Saving new input (at run 1366): input #0 of size 104869; reason = +count
Saved - errorDir/corpus/id_000130 random +count
Saving new input (at run 1367): input #0 of size 105249; reason = +count
Saved - errorDir/corpus/id_000131 random +count
Saving new input (at run 1373): input #0 of size 105937; reason = +count
Saved - errorDir/corpus/id_000132 random +count
Saving new input (at run 1387): input #0 of size 105905; reason = +count
Saved - errorDir/corpus/id_000133 random +count
Saving new input (at run 1455): input #0 of size 104981; reason = +count
Saved - errorDir/corpus/id_000134 random +count
Saving new input (at run 1591): input #0 of size 105369; reason = +count
Saved - errorDir/corpus/id_000135 random +count
Saving new input (at run 1622): input #0 of size 105353; reason = +count
Saved - errorDir/corpus/id_000136 random +count
Saving new input (at run 1669): input #0 of size 104925; reason = +count
Saved - errorDir/corpus/id_000137 random +count
Saving new input (at run 1688): input #0 of size 105249; reason = +count
Saved - errorDir/corpus/id_000138 random +count
Saving new input (at run 1748): input #0 of size 104565; reason = +count
Saved - errorDir/corpus/id_000139 random +count
Saving new input (at run 1788): input #0 of size 104769; reason = +count
Saved - errorDir/corpus/id_000140 random +count
Saving new input (at run 1812): input #0 of size 105713; reason = +count
Saved - errorDir/corpus/id_000141 random +count
Saving new input (at run 1816): input #0 of size 105925; reason = +count
Saved - errorDir/corpus/id_000142 random +count
Saving new input (at run 1817): input #0 of size 105049; reason = +count
Saved - errorDir/corpus/id_000143 random +count
Saving new input (at run 1856): input #0 of size 105213; reason = +count
Saved - errorDir/corpus/id_000144 random +count
Saving new input (at run 1920): input #0 of size 105777; reason = +count +cov +valid
Saved - errorDir/corpus/id_000145 random +count +cov +valid
Saving new input (at run 1974): input #0 of size 105041; reason = +count
Saved - errorDir/corpus/id_000146 random +count
Saving new input (at run 2010): input #0 of size 105529; reason = +count
Saved - errorDir/corpus/id_000147 random +count
Found crash: class groovy.lang.MissingPropertyException - No such property: process for class: Script_304700ad
Saved - errorDir/failures/id_000002 random +crash
Saving new input (at run 2032): input #0 of size 8; reason = +count
Saved - errorDir/corpus/id_000148 random +count
Saving new input (at run 2052): input #0 of size 105253; reason = +count
Saved - errorDir/corpus/id_000149 random +count
Saving new input (at run 2105): input #0 of size 104885; reason = +count
Saved - errorDir/corpus/id_000150 random +count
Found crash: class nextflow.exception.ScriptCompilationException - Script compilation error
- file : /home/alena/growe/2023-08-11_20-36-43-2H-blind/generatedflows/out1691789361314.nf
- cause: Identifier `rc` is already used by another definition @ line 89, column 10.
    process rc{ 
            ^

1 error

Saved - errorDir/failures/id_000003 random +crash
Saving new input (at run 2119): input #0 of size 105573; reason = +count
Saved - errorDir/corpus/id_000151 random +count
Saving new input (at run 2146): input #0 of size 104773; reason = +count
Saved - errorDir/corpus/id_000152 random +count
Saving new input (at run 2174): input #0 of size 104493; reason = +count
Saved - errorDir/corpus/id_000153 random +count
Saving new input (at run 2181): input #0 of size 106077; reason = +count
Saved - errorDir/corpus/id_000154 random +count
Saving new input (at run 2193): input #0 of size 104761; reason = +count
Saved - errorDir/corpus/id_000155 random +count
Saving new input (at run 2194): input #0 of size 104737; reason = +count
Saved - errorDir/corpus/id_000156 random +count
Saving new input (at run 2199): input #0 of size 104349; reason = +count
Saved - errorDir/corpus/id_000157 random +count
Saving new input (at run 2200): input #0 of size 105373; reason = +count
Saved - errorDir/corpus/id_000158 random +count
Saving new input (at run 2212): input #0 of size 104717; reason = +count
Saved - errorDir/corpus/id_000159 random +count
Saving new input (at run 2216): input #0 of size 105125; reason = +count
Saved - errorDir/corpus/id_000160 random +count
Saving new input (at run 2222): input #0 of size 106261; reason = +count
Saved - errorDir/corpus/id_000161 random +count
Saving new input (at run 2316): input #0 of size 105261; reason = +count
Saved - errorDir/corpus/id_000162 random +count
Saving new input (at run 2318): input #0 of size 104749; reason = +count
Saved - errorDir/corpus/id_000163 random +count
Saving new input (at run 2331): input #0 of size 105785; reason = +count
Saved - errorDir/corpus/id_000164 random +count
Saving new input (at run 2340): input #0 of size 106165; reason = +count
Saved - errorDir/corpus/id_000165 random +count
Saving new input (at run 2361): input #0 of size 103645; reason = +count
Saved - errorDir/corpus/id_000166 random +count
Saving new input (at run 2437): input #0 of size 106005; reason = +count
Saved - errorDir/corpus/id_000167 random +count
Saving new input (at run 2454): input #0 of size 105553; reason = +count
Saved - errorDir/corpus/id_000168 random +count
Saving new input (at run 2508): input #0 of size 105077; reason = +count
Saved - errorDir/corpus/id_000169 random +count
Saving new input (at run 2771): input #0 of size 105101; reason = +count
Saved - errorDir/corpus/id_000170 random +count
Saving new input (at run 2939): input #0 of size 105629; reason = +count
Saved - errorDir/corpus/id_000171 random +count
Saving new input (at run 2973): input #0 of size 105641; reason = +count
Saved - errorDir/corpus/id_000172 random +count
Saving new input (at run 2980): input #0 of size 105461; reason = +count
Saved - errorDir/corpus/id_000173 random +count
Saving new input (at run 2981): input #0 of size 105557; reason = +count
Saved - errorDir/corpus/id_000174 random +count
Saving new input (at run 3156): input #0 of size 105241; reason = +count
Saved - errorDir/corpus/id_000175 random +count
Saving new input (at run 3365): input #0 of size 104833; reason = +count
Saved - errorDir/corpus/id_000176 random +count
Saving new input (at run 3515): input #0 of size 104561; reason = +count
Saved - errorDir/corpus/id_000177 random +count
Saving new input (at run 3523): input #0 of size 105369; reason = +count
Saved - errorDir/corpus/id_000178 random +count
Saving new input (at run 3621): input #0 of size 106117; reason = +count
Saved - errorDir/corpus/id_000179 random +count
Saving new input (at run 3646): input #0 of size 105309; reason = +count
Saved - errorDir/corpus/id_000180 random +count
Saving new input (at run 3668): input #0 of size 106201; reason = +count
Saved - errorDir/corpus/id_000181 random +count
Saving new input (at run 3780): input #0 of size 105681; reason = +count
Saved - errorDir/corpus/id_000182 random +count
Saving new input (at run 3892): input #0 of size 105925; reason = +count
Saved - errorDir/corpus/id_000183 random +count
Saving new input (at run 4007): input #0 of size 105457; reason = +count
Saved - errorDir/corpus/id_000184 random +count
Saving new input (at run 4031): input #0 of size 104821; reason = +count
Saved - errorDir/corpus/id_000185 random +count
Saving new input (at run 4264): input #0 of size 105597; reason = +count
Saved - errorDir/corpus/id_000186 random +count
Found crash: class groovy.lang.MissingPropertyException - No such property: process for class: Script_04193d9e
Saved - errorDir/failures/id_000004 random +crash
Saving new input (at run 4436): input #0 of size 105277; reason = +count
Saved - errorDir/corpus/id_000187 random +count
Saving new input (at run 4457): input #0 of size 105937; reason = +count
Saved - errorDir/corpus/id_000188 random +count
Saving new input (at run 4507): input #0 of size 105189; reason = +count
Saved - errorDir/corpus/id_000189 random +count
Saving new input (at run 4535): input #0 of size 105377; reason = +count
Saved - errorDir/corpus/id_000190 random +count
Saving new input (at run 4645): input #0 of size 105297; reason = +count
Saved - errorDir/corpus/id_000191 random +count
Saving new input (at run 4652): input #0 of size 105329; reason = +count
Saved - errorDir/corpus/id_000192 random +count
Saving new input (at run 4657): input #0 of size 106061; reason = +count
Saved - errorDir/corpus/id_000193 random +count
Saving new input (at run 4672): input #0 of size 105161; reason = +count
Saved - errorDir/corpus/id_000194 random +count
Saving new input (at run 4682): input #0 of size 105817; reason = +count
Saved - errorDir/corpus/id_000195 random +count
Saving new input (at run 4687): input #0 of size 106009; reason = +count
Saved - errorDir/corpus/id_000196 random +count
Saving new input (at run 4707): input #0 of size 105397; reason = +count
Saved - errorDir/corpus/id_000197 random +count
Saving new input (at run 4714): input #0 of size 105657; reason = +count
Saved - errorDir/corpus/id_000198 random +count
Saving new input (at run 4737): input #0 of size 105689; reason = +count
Saved - errorDir/corpus/id_000199 random +count
Saving new input (at run 4754): input #0 of size 105093; reason = +count
Saved - errorDir/corpus/id_000200 random +count
Saving new input (at run 4851): input #0 of size 105609; reason = +count
Saved - errorDir/corpus/id_000201 random +count
Saving new input (at run 4977): input #0 of size 104813; reason = +count
Saved - errorDir/corpus/id_000202 random +count
