Found crash: class nextflow.exception.AbortRunException - 
Saved - errorDir/failures/id_000000 random +crash
Saving new input (at run 2): input #0 of size 4; reason = +count +cov +valid
Saved - errorDir/corpus/id_000000 random +count +cov +valid
Saving new input (at run 3): input #0 of size 4; reason = +count +cov +valid
Saved - errorDir/corpus/id_000001 random +count +cov +valid
Saving new input (at run 4): input #0 of size 8; reason = +count +cov
Saved - errorDir/corpus/id_000002 random +count +cov
Saving new input (at run 5): input #0 of size 4; reason = +count +cov +valid
Saved - errorDir/corpus/id_000003 random +count +cov +valid
Saving new input (at run 8): input #0 of size 8; reason = +count +cov
Saved - errorDir/corpus/id_000004 random +count +cov
Saving new input (at run 9): input #0 of size 4; reason = +count +cov +valid
Saved - errorDir/corpus/id_000005 random +count +cov +valid
Saving new input (at run 12): input #0 of size 8; reason = +count +cov
Saved - errorDir/corpus/id_000006 random +count +cov
Saving new input (at run 15): input #0 of size 4; reason = +count +cov +valid
Saved - errorDir/corpus/id_000007 random +count +cov +valid
Saving new input (at run 17): input #0 of size 8; reason = +count +cov
Saved - errorDir/corpus/id_000008 random +count +cov
Saving new input (at run 18): input #0 of size 8; reason = +count +cov
Saved - errorDir/corpus/id_000009 random +count +cov
Saving new input (at run 25): input #0 of size 8; reason = +count +cov +valid
Saved - errorDir/corpus/id_000010 random +count +cov +valid
Saving new input (at run 26): input #0 of size 105889; reason = +count +cov +valid
Saved - errorDir/corpus/id_000011 random +count +cov +valid
Saving new input (at run 27): input #0 of size 105365; reason = +count +cov +valid
Saved - errorDir/corpus/id_000012 random +count +cov +valid
Saving new input (at run 28): input #0 of size 8; reason = +count
Saved - errorDir/corpus/id_000013 random +count
Saving new input (at run 30): input #0 of size 8; reason = +count
Saved - errorDir/corpus/id_000014 random +count
Saving new input (at run 42): input #0 of size 8; reason = +count +cov
Saved - errorDir/corpus/id_000015 random +count +cov
Saving new input (at run 44): input #0 of size 8; reason = +count +cov +valid
Saved - errorDir/corpus/id_000016 random +count +cov +valid
Saving new input (at run 46): input #0 of size 8; reason = +count +cov
Saved - errorDir/corpus/id_000017 random +count +cov
Saving new input (at run 57): input #0 of size 105601; reason = +count +cov +valid
Saved - errorDir/corpus/id_000018 random +count +cov +valid
Saving new input (at run 58): input #0 of size 8; reason = +count +cov
Saved - errorDir/corpus/id_000019 random +count +cov
Saving new input (at run 59): input #0 of size 8; reason = +count +cov
Saved - errorDir/corpus/id_000020 random +count +cov
Saving new input (at run 60): input #0 of size 8; reason = +count
Saved - errorDir/corpus/id_000021 random +count
Saving new input (at run 63): input #0 of size 8; reason = +count
Saved - errorDir/corpus/id_000022 random +count
Saving new input (at run 79): input #0 of size 8; reason = +count +cov +valid
Saved - errorDir/corpus/id_000023 random +count +cov +valid
Saving new input (at run 83): input #0 of size 105905; reason = +count +cov +valid
Saved - errorDir/corpus/id_000024 random +count +cov +valid
Saving new input (at run 86): input #0 of size 8; reason = +count +cov +valid
Saved - errorDir/corpus/id_000025 random +count +cov +valid
Saving new input (at run 110): input #0 of size 105465; reason = +count +cov +valid
Saved - errorDir/corpus/id_000026 random +count +cov +valid
Saving new input (at run 119): input #0 of size 106057; reason = +count
Saved - errorDir/corpus/id_000027 random +count
Saving new input (at run 123): input #0 of size 105597; reason = +count +cov +valid
Saved - errorDir/corpus/id_000028 random +count +cov +valid
Saving new input (at run 133): input #0 of size 105697; reason = +count
Saved - errorDir/corpus/id_000029 random +count
Saving new input (at run 140): input #0 of size 105089; reason = +count
Saved - errorDir/corpus/id_000030 random +count
Saving new input (at run 142): input #0 of size 105505; reason = +count +cov +valid
Saved - errorDir/corpus/id_000031 random +count +cov +valid
Saving new input (at run 145): input #0 of size 105225; reason = +count +cov +valid
Saved - errorDir/corpus/id_000032 random +count +cov +valid
Saving new input (at run 149): input #0 of size 105921; reason = +count
Saved - errorDir/corpus/id_000033 random +count
Saving new input (at run 151): input #0 of size 8; reason = +count
Saved - errorDir/corpus/id_000034 random +count
Saving new input (at run 177): input #0 of size 105929; reason = +count +cov +valid
Saved - errorDir/corpus/id_000035 random +count +cov +valid
Saving new input (at run 186): input #0 of size 106173; reason = +count
Saved - errorDir/corpus/id_000036 random +count
Saving new input (at run 211): input #0 of size 8; reason = +count
Saved - errorDir/corpus/id_000037 random +count
Saving new input (at run 221): input #0 of size 8; reason = +count
Saved - errorDir/corpus/id_000038 random +count
Saving new input (at run 242): input #0 of size 105397; reason = +count +cov +valid
Saved - errorDir/corpus/id_000039 random +count +cov +valid
Saving new input (at run 250): input #0 of size 105693; reason = +count
Saved - errorDir/corpus/id_000040 random +count
Saving new input (at run 252): input #0 of size 106377; reason = +count
Saved - errorDir/corpus/id_000041 random +count
Saving new input (at run 264): input #0 of size 105813; reason = +count
Saved - errorDir/corpus/id_000042 random +count
Saving new input (at run 267): input #0 of size 8; reason = +count
Saved - errorDir/corpus/id_000043 random +count
Saving new input (at run 291): input #0 of size 105337; reason = +count +cov +valid
Saved - errorDir/corpus/id_000044 random +count +cov +valid
Saving new input (at run 296): input #0 of size 105441; reason = +count
Saved - errorDir/corpus/id_000045 random +count
Saving new input (at run 312): input #0 of size 105469; reason = +count +cov +valid
Saved - errorDir/corpus/id_000046 random +count +cov +valid
Saving new input (at run 314): input #0 of size 106257; reason = +count +cov +valid
Saved - errorDir/corpus/id_000047 random +count +cov +valid
Saving new input (at run 317): input #0 of size 106181; reason = +count +cov +valid
Saved - errorDir/corpus/id_000048 random +count +cov +valid
Saving new input (at run 323): input #0 of size 105253; reason = +count
Saved - errorDir/corpus/id_000049 random +count
Saving new input (at run 332): input #0 of size 8; reason = +count
Saved - errorDir/corpus/id_000050 random +count
Saving new input (at run 335): input #0 of size 105001; reason = +count
Saved - errorDir/corpus/id_000051 random +count
Saving new input (at run 337): input #0 of size 105677; reason = +count
Saved - errorDir/corpus/id_000052 random +count
Saving new input (at run 340): input #0 of size 105893; reason = +count
Saved - errorDir/corpus/id_000053 random +count
Saving new input (at run 344): input #0 of size 105173; reason = +count
Saved - errorDir/corpus/id_000054 random +count
Saving new input (at run 355): input #0 of size 105325; reason = +count
Saved - errorDir/corpus/id_000055 random +count
Saving new input (at run 357): input #0 of size 104917; reason = +count
Saved - errorDir/corpus/id_000056 random +count
Saving new input (at run 384): input #0 of size 106041; reason = +count
Saved - errorDir/corpus/id_000057 random +count
Saving new input (at run 388): input #0 of size 105321; reason = +count
Saved - errorDir/corpus/id_000058 random +count
Saving new input (at run 389): input #0 of size 105609; reason = +count +cov +valid
Saved - errorDir/corpus/id_000059 random +count +cov +valid
Saving new input (at run 397): input #0 of size 105717; reason = +count
Saved - errorDir/corpus/id_000060 random +count
Saving new input (at run 419): input #0 of size 104609; reason = +count
Saved - errorDir/corpus/id_000061 random +count
Saving new input (at run 427): input #0 of size 105757; reason = +count
Saved - errorDir/corpus/id_000062 random +count
Saving new input (at run 431): input #0 of size 105665; reason = +count
Saved - errorDir/corpus/id_000063 random +count
Saving new input (at run 436): input #0 of size 105033; reason = +count
Saved - errorDir/corpus/id_000064 random +count
Saving new input (at run 443): input #0 of size 105101; reason = +count
Saved - errorDir/corpus/id_000065 random +count
Saving new input (at run 451): input #0 of size 8; reason = +count
Saved - errorDir/corpus/id_000066 random +count
Saving new input (at run 464): input #0 of size 105357; reason = +count
Saved - errorDir/corpus/id_000067 random +count
Saving new input (at run 478): input #0 of size 105517; reason = +count
Saved - errorDir/corpus/id_000068 random +count
Saving new input (at run 485): input #0 of size 104865; reason = +count
Saved - errorDir/corpus/id_000069 random +count
Saving new input (at run 487): input #0 of size 104861; reason = +count
Saved - errorDir/corpus/id_000070 random +count
Saving new input (at run 488): input #0 of size 106105; reason = +count
Saved - errorDir/corpus/id_000071 random +count
Saving new input (at run 498): input #0 of size 105565; reason = +count
Saved - errorDir/corpus/id_000072 random +count
Saving new input (at run 521): input #0 of size 105609; reason = +count
Saved - errorDir/corpus/id_000073 random +count
Saving new input (at run 531): input #0 of size 105421; reason = +count
Saved - errorDir/corpus/id_000074 random +count
Saving new input (at run 540): input #0 of size 105397; reason = +count
Saved - errorDir/corpus/id_000075 random +count
Saving new input (at run 545): input #0 of size 105497; reason = +count
Saved - errorDir/corpus/id_000076 random +count
Saving new input (at run 552): input #0 of size 104701; reason = +count
Saved - errorDir/corpus/id_000077 random +count
Saving new input (at run 554): input #0 of size 105809; reason = +count
Saved - errorDir/corpus/id_000078 random +count
Saving new input (at run 555): input #0 of size 105061; reason = +count +cov +valid
Saved - errorDir/corpus/id_000079 random +count +cov +valid
Saving new input (at run 567): input #0 of size 105401; reason = +count +cov +valid
Saved - errorDir/corpus/id_000080 random +count +cov +valid
Saving new input (at run 604): input #0 of size 105705; reason = +count
Saved - errorDir/corpus/id_000081 random +count
Saving new input (at run 608): input #0 of size 105533; reason = +count
Saved - errorDir/corpus/id_000082 random +count
Saving new input (at run 633): input #0 of size 104965; reason = +count
Saved - errorDir/corpus/id_000083 random +count
Saving new input (at run 645): input #0 of size 106561; reason = +count
Saved - errorDir/corpus/id_000084 random +count
Saving new input (at run 659): input #0 of size 103473; reason = +count
Saved - errorDir/corpus/id_000085 random +count
Saving new input (at run 668): input #0 of size 105693; reason = +count
Saved - errorDir/corpus/id_000086 random +count
Saving new input (at run 676): input #0 of size 105285; reason = +count
Saved - errorDir/corpus/id_000087 random +count
Saving new input (at run 777): input #0 of size 106241; reason = +count +cov +valid
Saved - errorDir/corpus/id_000088 random +count +cov +valid
Saving new input (at run 778): input #0 of size 105497; reason = +count
Saved - errorDir/corpus/id_000089 random +count
Saving new input (at run 815): input #0 of size 105281; reason = +count
Saved - errorDir/corpus/id_000090 random +count
Saving new input (at run 823): input #0 of size 105229; reason = +count
Saved - errorDir/corpus/id_000091 random +count
Saving new input (at run 825): input #0 of size 105449; reason = +count
Saved - errorDir/corpus/id_000092 random +count
Saving new input (at run 869): input #0 of size 106429; reason = +count
Saved - errorDir/corpus/id_000093 random +count
Saving new input (at run 890): input #0 of size 105189; reason = +count
Saved - errorDir/corpus/id_000094 random +count
Saving new input (at run 913): input #0 of size 105941; reason = +count +cov +valid
Saved - errorDir/corpus/id_000095 random +count +cov +valid
Saving new input (at run 936): input #0 of size 105457; reason = +count
Saved - errorDir/corpus/id_000096 random +count
Saving new input (at run 938): input #0 of size 106573; reason = +count
Saved - errorDir/corpus/id_000097 random +count
Saving new input (at run 974): input #0 of size 105329; reason = +count
Saved - errorDir/corpus/id_000098 random +count
Saving new input (at run 980): input #0 of size 104645; reason = +count
Saved - errorDir/corpus/id_000099 random +count
Saving new input (at run 1031): input #0 of size 104981; reason = +count
Saved - errorDir/corpus/id_000100 random +count
Saving new input (at run 1037): input #0 of size 104873; reason = +count
Saved - errorDir/corpus/id_000101 random +count
Saving new input (at run 1046): input #0 of size 105141; reason = +count
Saved - errorDir/corpus/id_000102 random +count
Saving new input (at run 1067): input #0 of size 105585; reason = +count
Saved - errorDir/corpus/id_000103 random +count
Saving new input (at run 1091): input #0 of size 105797; reason = +count
Saved - errorDir/corpus/id_000104 random +count
Saving new input (at run 1127): input #0 of size 105401; reason = +count
Saved - errorDir/corpus/id_000105 random +count
Saving new input (at run 1150): input #0 of size 105397; reason = +count
Saved - errorDir/corpus/id_000106 random +count
Saving new input (at run 1176): input #0 of size 106309; reason = +count
Saved - errorDir/corpus/id_000107 random +count
Saving new input (at run 1213): input #0 of size 105589; reason = +count
Saved - errorDir/corpus/id_000108 random +count
Saving new input (at run 1215): input #0 of size 105297; reason = +count
Saved - errorDir/corpus/id_000109 random +count
Saving new input (at run 1234): input #0 of size 105049; reason = +count
Saved - errorDir/corpus/id_000110 random +count
Saving new input (at run 1237): input #0 of size 104905; reason = +count
Saved - errorDir/corpus/id_000111 random +count
Saving new input (at run 1261): input #0 of size 105777; reason = +count
Saved - errorDir/corpus/id_000112 random +count
Saving new input (at run 1269): input #0 of size 104965; reason = +count
Saved - errorDir/corpus/id_000113 random +count
Saving new input (at run 1286): input #0 of size 105413; reason = +count
Saved - errorDir/corpus/id_000114 random +count
Saving new input (at run 1294): input #0 of size 105273; reason = +count
Saved - errorDir/corpus/id_000115 random +count
Saving new input (at run 1354): input #0 of size 104261; reason = +count
Saved - errorDir/corpus/id_000116 random +count
Found crash: class groovy.lang.MissingPropertyException - No such property: process for class: Script_910ba23c
Saved - errorDir/failures/id_000001 random +crash
Saving new input (at run 1381): input #0 of size 8; reason = +count
Saved - errorDir/corpus/id_000117 random +count
Saving new input (at run 1385): input #0 of size 8; reason = +count +cov
Saved - errorDir/corpus/id_000118 random +count +cov
Saving new input (at run 1402): input #0 of size 105565; reason = +count
Saved - errorDir/corpus/id_000119 random +count
Saving new input (at run 1456): input #0 of size 105041; reason = +count
Saved - errorDir/corpus/id_000120 random +count
Saving new input (at run 1474): input #0 of size 104505; reason = +count
Saved - errorDir/corpus/id_000121 random +count
Saving new input (at run 1510): input #0 of size 105085; reason = +count
Saved - errorDir/corpus/id_000122 random +count
Saving new input (at run 1525): input #0 of size 105605; reason = +count
Saved - errorDir/corpus/id_000123 random +count
Saving new input (at run 1595): input #0 of size 105461; reason = +count
Saved - errorDir/corpus/id_000124 random +count
Saving new input (at run 1608): input #0 of size 105417; reason = +count
Saved - errorDir/corpus/id_000125 random +count
Saving new input (at run 1617): input #0 of size 105589; reason = +count
Saved - errorDir/corpus/id_000126 random +count
Saving new input (at run 1619): input #0 of size 105533; reason = +count
Saved - errorDir/corpus/id_000127 random +count
Saving new input (at run 1623): input #0 of size 104833; reason = +count
Saved - errorDir/corpus/id_000128 random +count
Saving new input (at run 1698): input #0 of size 105105; reason = +count
Saved - errorDir/corpus/id_000129 random +count
Saving new input (at run 1789): input #0 of size 105889; reason = +count
Saved - errorDir/corpus/id_000130 random +count
Saving new input (at run 1843): input #0 of size 104885; reason = +count
Saved - errorDir/corpus/id_000131 random +count
Saving new input (at run 1863): input #0 of size 104665; reason = +count
Saved - errorDir/corpus/id_000132 random +count
Saving new input (at run 1903): input #0 of size 105717; reason = +count
Saved - errorDir/corpus/id_000133 random +count
Saving new input (at run 1911): input #0 of size 105669; reason = +count
Saved - errorDir/corpus/id_000134 random +count
Saving new input (at run 1921): input #0 of size 105921; reason = +count
Saved - errorDir/corpus/id_000135 random +count
Saving new input (at run 1929): input #0 of size 106057; reason = +count
Saved - errorDir/corpus/id_000136 random +count
Saving new input (at run 1946): input #0 of size 105137; reason = +count
Saved - errorDir/corpus/id_000137 random +count
Saving new input (at run 2011): input #0 of size 104765; reason = +count
Saved - errorDir/corpus/id_000138 random +count
Saving new input (at run 2017): input #0 of size 106213; reason = +count
Saved - errorDir/corpus/id_000139 random +count
Saving new input (at run 2021): input #0 of size 105077; reason = +count
Saved - errorDir/corpus/id_000140 random +count
Saving new input (at run 2104): input #0 of size 104449; reason = +count
Saved - errorDir/corpus/id_000141 random +count
Saving new input (at run 2138): input #0 of size 104601; reason = +count
Saved - errorDir/corpus/id_000142 random +count
Saving new input (at run 2149): input #0 of size 105721; reason = +count
Saved - errorDir/corpus/id_000143 random +count
