Saving new input (at run 1): input #0 of size 8; reason = +count +cov
Saved - errorDir/corpus/id_000000 random +count +cov
Saving new input (at run 2): input #1 of size 8; reason = +count +cov
Saved - errorDir/corpus/id_000001 src:000000,havoc:5 +count +cov
Saving new input (at run 3): input #2 of size 4; reason = +count +cov +valid
Saved - errorDir/corpus/id_000002 src:000000,havoc:4 +count +cov +valid
Saving new input (at run 4): input #3 of size 8; reason = +count +cov
Saved - errorDir/corpus/id_000003 src:000000,havoc:8 +count +cov
Saving new input (at run 5): input #4 of size 4; reason = +count +cov +valid
Saved - errorDir/corpus/id_000004 src:000000,havoc:11 +count +cov +valid
Saving new input (at run 6): input #5 of size 8; reason = +count +cov
Saved - errorDir/corpus/id_000005 src:000000,havoc:4 +count +cov
Saving new input (at run 7): input #6 of size 8; reason = +count
Saved - errorDir/corpus/id_000006 src:000000,havoc:1 +count
Saving new input (at run 8): input #7 of size 105889; reason = +count +cov +valid
Saved - errorDir/corpus/id_000007 src:000000,havoc:15 +count +cov +valid
Saving new input (at run 9): input #8 of size 8; reason = +count +cov +valid
Saved - errorDir/corpus/id_000008 src:000000,havoc:5 +count +cov +valid
Saving new input (at run 10): input #9 of size 8; reason = +count +cov
Saved - errorDir/corpus/id_000009 src:000000,havoc:1 +count +cov
Saving new input (at run 11): input #10 of size 4; reason = +count +cov +valid
Saved - errorDir/corpus/id_000010 src:000000,havoc:19 +count +cov +valid
Saving new input (at run 13): input #11 of size 8; reason = +count +cov
Saved - errorDir/corpus/id_000011 src:000000,havoc:1 +count +cov
Saving new input (at run 14): input #12 of size 4; reason = +count +cov +valid
Saved - errorDir/corpus/id_000012 src:000000,havoc:23 +count +cov +valid
Saving new input (at run 15): input #13 of size 105621; reason = +count +cov +valid
Saved - errorDir/corpus/id_000013 src:000000,havoc:1 +count +cov +valid
Saving new input (at run 16): input #14 of size 8; reason = +count +cov
Saved - errorDir/corpus/id_000014 src:000000,havoc:18 +count +cov
Saving new input (at run 17): input #15 of size 4; reason = +count +cov +valid
Saved - errorDir/corpus/id_000015 src:000000,havoc:14 +count +cov +valid
Saving new input (at run 21): input #16 of size 4; reason = +count +cov +valid
Saved - errorDir/corpus/id_000016 src:000000,havoc:8 +count +cov +valid
Saving new input (at run 23): input #17 of size 8; reason = +count +cov
Saved - errorDir/corpus/id_000017 src:000000,havoc:14 +count +cov
Saving new input (at run 32): input #18 of size 8; reason = +count +cov +valid
Saved - errorDir/corpus/id_000018 src:000000,havoc:12 +count +cov +valid
Found crash: class nextflow.exception.AbortRunException - 
Saved - errorDir/failures/id_000000 src:000000,havoc:7 +crash
Saving new input (at run 39): input #19 of size 105517; reason = +count +cov +valid
Saved - errorDir/corpus/id_000019 src:000000,havoc:29 +count +cov +valid
Saving new input (at run 46): input #20 of size 8; reason = +count
Saved - errorDir/corpus/id_000020 src:000000,havoc:16 +count
Saving new input (at run 53): input #21 of size 8; reason = +count
Saved - errorDir/corpus/id_000021 src:000000,havoc:8 +count
Saving new input (at run 57): input #22 of size 106717; reason = +count +cov +valid
Saved - errorDir/corpus/id_000022 src:000000,havoc:8 +count +cov +valid
Saving new input (at run 60): input #23 of size 8; reason = +count +cov
Saved - errorDir/corpus/id_000023 src:000000,havoc:9 +count +cov
Saving new input (at run 63): input #24 of size 8; reason = +count
Saved - errorDir/corpus/id_000024 src:000000,havoc:14 +count
Saving new input (at run 71): input #25 of size 105785; reason = +count +cov +valid
Saved - errorDir/corpus/id_000025 src:000000,havoc:4 +count +cov +valid
Saving new input (at run 76): input #26 of size 8; reason = +count
Saved - errorDir/corpus/id_000026 src:000000,havoc:6 +count
Saving new input (at run 80): input #27 of size 105337; reason = +count +cov +valid
Saved - errorDir/corpus/id_000027 src:000000,havoc:3 +count +cov +valid
Saving new input (at run 87): input #28 of size 105717; reason = +count +cov +valid
Saved - errorDir/corpus/id_000028 src:000001,havoc:21 +count +cov +valid
Saving new input (at run 89): input #29 of size 106425; reason = +count
Saved - errorDir/corpus/id_000029 src:000001,havoc:5 +count
Saving new input (at run 96): input #30 of size 105745; reason = +count
Saved - errorDir/corpus/id_000030 src:000001,havoc:1 +count
Saving new input (at run 102): input #31 of size 105085; reason = +count +cov +valid
Saved - errorDir/corpus/id_000031 src:000001,havoc:8 +count +cov +valid
Saving new input (at run 114): input #32 of size 8; reason = +count +cov +valid
Saved - errorDir/corpus/id_000032 src:000001,havoc:1 +count +cov +valid
Saving new input (at run 127): input #33 of size 105737; reason = +count
Saved - errorDir/corpus/id_000033 src:000001,havoc:3 +count
Saving new input (at run 145): input #34 of size 105665; reason = +count
Saved - errorDir/corpus/id_000034 src:000002,havoc:1 +count
Saving new input (at run 147): input #35 of size 106493; reason = +count +cov +valid
Saved - errorDir/corpus/id_000035 src:000002,havoc:3 +count +cov +valid
Saving new input (at run 163): input #36 of size 8; reason = +count
Saved - errorDir/corpus/id_000036 src:000002,havoc:3 +count
Saving new input (at run 167): input #37 of size 8; reason = +count +cov +valid
Saved - errorDir/corpus/id_000037 src:000002,havoc:36 +count +cov +valid
Saving new input (at run 173): input #38 of size 105681; reason = +count
Saved - errorDir/corpus/id_000038 src:000002,havoc:7 +count
Saving new input (at run 181): input #39 of size 8; reason = +count
Saved - errorDir/corpus/id_000039 src:000002,havoc:19 +count
Saving new input (at run 225): input #40 of size 104617; reason = +count
Saved - errorDir/corpus/id_000040 src:000003,havoc:5 +count
Saving new input (at run 231): input #41 of size 105313; reason = +count
Saved - errorDir/corpus/id_000041 src:000003,havoc:5 +count
Saving new input (at run 257): input #42 of size 105369; reason = +count
Saved - errorDir/corpus/id_000042 src:000004,havoc:1 +count
Saving new input (at run 276): input #43 of size 105217; reason = +count
Saved - errorDir/corpus/id_000043 src:000004,havoc:3 +count
Saving new input (at run 283): input #44 of size 105313; reason = +count +cov +valid
Saved - errorDir/corpus/id_000044 src:000005,havoc:14 +count +cov +valid
Saving new input (at run 289): input #45 of size 104981; reason = +count
Saved - errorDir/corpus/id_000045 src:000005,havoc:3 +count
Saving new input (at run 327): input #46 of size 106109; reason = +count
Saved - errorDir/corpus/id_000046 src:000005,havoc:10 +count
Saving new input (at run 333): input #47 of size 105117; reason = +count +cov +valid
Saved - errorDir/corpus/id_000047 src:000005,havoc:6 +count +cov +valid
Saving new input (at run 344): input #48 of size 105553; reason = +count
Saved - errorDir/corpus/id_000048 src:000007,havoc:7 +count
Saving new input (at run 345): input #49 of size 105985; reason = +count
Saved - errorDir/corpus/id_000049 src:000007,havoc:4 +count
Saving new input (at run 346): input #50 of size 105717; reason = +count
Saved - errorDir/corpus/id_000050 src:000007,havoc:4 +count
Saving new input (at run 347): input #51 of size 106061; reason = +count +cov +valid
Saved - errorDir/corpus/id_000051 src:000007,havoc:2 +count +cov +valid
Saving new input (at run 348): input #52 of size 105885; reason = +count
Saved - errorDir/corpus/id_000052 src:000007,havoc:24 +count
Saving new input (at run 349): input #53 of size 105657; reason = +count
Saved - errorDir/corpus/id_000053 src:000007,havoc:10 +count
Saving new input (at run 350): input #54 of size 105861; reason = +count
Saved - errorDir/corpus/id_000054 src:000007,havoc:4 +count
Saving new input (at run 351): input #55 of size 105677; reason = +count
Saved - errorDir/corpus/id_000055 src:000007,havoc:2 +count
Saving new input (at run 352): input #56 of size 105753; reason = +count
Saved - errorDir/corpus/id_000056 src:000007,havoc:6 +count
Saving new input (at run 353): input #57 of size 106397; reason = +count
Saved - errorDir/corpus/id_000057 src:000007,havoc:6 +count
Saving new input (at run 354): input #58 of size 105629; reason = +count
Saved - errorDir/corpus/id_000058 src:000007,havoc:13 +count
Saving new input (at run 356): input #59 of size 105553; reason = +count
Saved - errorDir/corpus/id_000059 src:000007,havoc:1 +count
Saving new input (at run 357): input #60 of size 106193; reason = +count
Saved - errorDir/corpus/id_000060 src:000007,havoc:2 +count
Saving new input (at run 358): input #61 of size 105841; reason = +count
Saved - errorDir/corpus/id_000061 src:000007,havoc:3 +count
Saving new input (at run 360): input #62 of size 106029; reason = +count
Saved - errorDir/corpus/id_000062 src:000007,havoc:1 +count
Saving new input (at run 361): input #63 of size 105701; reason = +count
Saved - errorDir/corpus/id_000063 src:000007,havoc:10 +count
Saving new input (at run 362): input #64 of size 105989; reason = +count
Saved - errorDir/corpus/id_000064 src:000007,havoc:1 +count
Saving new input (at run 363): input #65 of size 105757; reason = +count
Saved - errorDir/corpus/id_000065 src:000007,havoc:2 +count
Saving new input (at run 364): input #66 of size 105817; reason = +count
Saved - errorDir/corpus/id_000066 src:000007,havoc:2 +count
Saving new input (at run 366): input #67 of size 105381; reason = +count
Saved - errorDir/corpus/id_000067 src:000007,havoc:6 +count
Saving new input (at run 368): input #68 of size 105597; reason = +count
Saved - errorDir/corpus/id_000068 src:000007,havoc:5 +count
Saving new input (at run 369): input #69 of size 105765; reason = +count
Saved - errorDir/corpus/id_000069 src:000007,havoc:3 +count
Saving new input (at run 370): input #70 of size 105449; reason = +count
Saved - errorDir/corpus/id_000070 src:000007,havoc:19 +count
Saving new input (at run 371): input #71 of size 106129; reason = +count
Saved - errorDir/corpus/id_000071 src:000007,havoc:5 +count
Saving new input (at run 372): input #72 of size 105993; reason = +count
Saved - errorDir/corpus/id_000072 src:000007,havoc:2 +count
Saving new input (at run 375): input #73 of size 105365; reason = +count
Saved - errorDir/corpus/id_000073 src:000007,havoc:6 +count
Saving new input (at run 376): input #74 of size 105849; reason = +count
Saved - errorDir/corpus/id_000074 src:000007,havoc:8 +count
Saving new input (at run 377): input #75 of size 106313; reason = +count
Saved - errorDir/corpus/id_000075 src:000007,havoc:9 +count
Saving new input (at run 378): input #76 of size 106069; reason = +count
Saved - errorDir/corpus/id_000076 src:000007,havoc:2 +count
Saving new input (at run 379): input #77 of size 105205; reason = +count
Saved - errorDir/corpus/id_000077 src:000007,havoc:9 +count
Saving new input (at run 380): input #78 of size 106161; reason = +count
Saved - errorDir/corpus/id_000078 src:000007,havoc:1 +count
Saving new input (at run 382): input #79 of size 105873; reason = +count
Saved - errorDir/corpus/id_000079 src:000007,havoc:6 +count
Saving new input (at run 383): input #80 of size 106121; reason = +count
Saved - errorDir/corpus/id_000080 src:000007,havoc:7 +count
Saving new input (at run 384): input #81 of size 105305; reason = +count
Saved - errorDir/corpus/id_000081 src:000007,havoc:2 +count
Saving new input (at run 385): input #82 of size 106109; reason = +count
Saved - errorDir/corpus/id_000082 src:000007,havoc:9 +count
Saving new input (at run 386): input #83 of size 105497; reason = +count
Saved - errorDir/corpus/id_000083 src:000007,havoc:12 +count
Saving new input (at run 388): input #84 of size 105085; reason = +count
Saved - errorDir/corpus/id_000084 src:000007,havoc:3 +count
Saving new input (at run 391): input #85 of size 105781; reason = +count
Saved - errorDir/corpus/id_000085 src:000007,havoc:20 +count
Saving new input (at run 392): input #86 of size 106021; reason = +count
Saved - errorDir/corpus/id_000086 src:000007,havoc:13 +count
Saving new input (at run 393): input #87 of size 106121; reason = +count
Saved - errorDir/corpus/id_000087 src:000007,havoc:2 +count
Saving new input (at run 396): input #88 of size 105613; reason = +count
Saved - errorDir/corpus/id_000088 src:000007,havoc:6 +count
Saving new input (at run 399): input #89 of size 105969; reason = +count +cov +valid
Saved - errorDir/corpus/id_000089 src:000007,havoc:3 +count +cov +valid
Saving new input (at run 401): input #90 of size 106053; reason = +count
Saved - errorDir/corpus/id_000090 src:000007,havoc:8 +count
Saving new input (at run 402): input #91 of size 106265; reason = +count
Saved - errorDir/corpus/id_000091 src:000007,havoc:1 +count
Saving new input (at run 403): input #92 of size 105849; reason = +count
Saved - errorDir/corpus/id_000092 src:000007,havoc:9 +count
Saving new input (at run 405): input #93 of size 105273; reason = +count
Saved - errorDir/corpus/id_000093 src:000007,havoc:2 +count
Saving new input (at run 406): input #94 of size 105725; reason = +count
Saved - errorDir/corpus/id_000094 src:000007,havoc:23 +count
Saving new input (at run 407): input #95 of size 105425; reason = +count
Saved - errorDir/corpus/id_000095 src:000007,havoc:11 +count
Saving new input (at run 409): input #96 of size 105813; reason = +count
Saved - errorDir/corpus/id_000096 src:000007,havoc:8 +count
Saving new input (at run 410): input #97 of size 105725; reason = +count
Saved - errorDir/corpus/id_000097 src:000007,havoc:3 +count
Saving new input (at run 411): input #98 of size 106149; reason = +count
Saved - errorDir/corpus/id_000098 src:000007,havoc:8 +count
Saving new input (at run 412): input #99 of size 105957; reason = +count
Saved - errorDir/corpus/id_000099 src:000007,havoc:1 +count
Saving new input (at run 413): input #100 of size 105217; reason = +count
Saved - errorDir/corpus/id_000100 src:000007,havoc:19 +count
Saving new input (at run 414): input #101 of size 106249; reason = +count
Saved - errorDir/corpus/id_000101 src:000007,havoc:18 +count
Saving new input (at run 416): input #102 of size 105469; reason = +count
Saved - errorDir/corpus/id_000102 src:000007,havoc:22 +count
Saving new input (at run 417): input #103 of size 105357; reason = +count
Saved - errorDir/corpus/id_000103 src:000007,havoc:3 +count
Saving new input (at run 420): input #104 of size 105617; reason = +count
Saved - errorDir/corpus/id_000104 src:000007,havoc:14 +count
Saving new input (at run 421): input #105 of size 105377; reason = +count +cov +valid
Saved - errorDir/corpus/id_000105 src:000007,havoc:4 +count +cov +valid
Saving new input (at run 422): input #106 of size 105657; reason = +count
Saved - errorDir/corpus/id_000106 src:000007,havoc:4 +count
Saving new input (at run 425): input #107 of size 106297; reason = +count
Saved - errorDir/corpus/id_000107 src:000007,havoc:5 +count
Saving new input (at run 431): input #108 of size 105885; reason = +count
Saved - errorDir/corpus/id_000108 src:000007,havoc:3 +count
Saving new input (at run 432): input #109 of size 105877; reason = +count
Saved - errorDir/corpus/id_000109 src:000007,havoc:22 +count
Saving new input (at run 434): input #110 of size 105993; reason = +count
Saved - errorDir/corpus/id_000110 src:000007,havoc:2 +count
Saving new input (at run 441): input #111 of size 105261; reason = +count
Saved - errorDir/corpus/id_000111 src:000007,havoc:9 +count
Saving new input (at run 446): input #112 of size 106245; reason = +count
Saved - errorDir/corpus/id_000112 src:000007,havoc:6 +count
Saving new input (at run 447): input #113 of size 105953; reason = +count
Saved - errorDir/corpus/id_000113 src:000007,havoc:6 +count
Saving new input (at run 448): input #114 of size 105737; reason = +count
Saved - errorDir/corpus/id_000114 src:000007,havoc:8 +count
Saving new input (at run 449): input #115 of size 106081; reason = +count
Saved - errorDir/corpus/id_000115 src:000007,havoc:8 +count
Saving new input (at run 451): input #116 of size 106117; reason = +count
Saved - errorDir/corpus/id_000116 src:000007,havoc:8 +count
Saving new input (at run 454): input #117 of size 106073; reason = +count
Saved - errorDir/corpus/id_000117 src:000007,havoc:5 +count
Saving new input (at run 455): input #118 of size 105961; reason = +count
Saved - errorDir/corpus/id_000118 src:000007,havoc:1 +count
Saving new input (at run 458): input #119 of size 105965; reason = +count
Saved - errorDir/corpus/id_000119 src:000007,havoc:1 +count
Saving new input (at run 459): input #120 of size 105861; reason = +count
Saved - errorDir/corpus/id_000120 src:000007,havoc:17 +count
Saving new input (at run 460): input #121 of size 106053; reason = +count
Saved - errorDir/corpus/id_000121 src:000007,havoc:3 +count
Saving new input (at run 463): input #122 of size 105753; reason = +count
Saved - errorDir/corpus/id_000122 src:000007,havoc:15 +count
Saving new input (at run 465): input #123 of size 105761; reason = +count
Saved - errorDir/corpus/id_000123 src:000007,havoc:1 +count
Saving new input (at run 468): input #124 of size 105145; reason = +count
Saved - errorDir/corpus/id_000124 src:000007,havoc:10 +count
Saving new input (at run 473): input #125 of size 105997; reason = +count
Saved - errorDir/corpus/id_000125 src:000007,havoc:7 +count
Found crash: class nextflow.exception.ScriptCompilationException - Script compilation error
- file : /home/alena/growe/2023-08-11_20-36-35-2H/generatedflows/out1691788086703.nf
- cause: Unexpected input: '{' @ line 44, column 12.
    process if{ 
              ^

1 error

Saved - errorDir/failures/id_000001 src:000007,havoc:1 +crash
Saving new input (at run 476): input #126 of size 106045; reason = +count +cov +valid
Saved - errorDir/corpus/id_000126 src:000007,havoc:3 +count +cov +valid
Saving new input (at run 482): input #127 of size 105933; reason = +count
Saved - errorDir/corpus/id_000127 src:000007,havoc:7 +count
Saving new input (at run 484): input #128 of size 106137; reason = +count
Saved - errorDir/corpus/id_000128 src:000007,havoc:3 +count
Saving new input (at run 488): input #129 of size 105617; reason = +count
Saved - errorDir/corpus/id_000129 src:000007,havoc:1 +count
Saving new input (at run 490): input #130 of size 105477; reason = +count
Saved - errorDir/corpus/id_000130 src:000007,havoc:13 +count
Saving new input (at run 491): input #131 of size 105481; reason = +count
Saved - errorDir/corpus/id_000131 src:000007,havoc:2 +count
Saving new input (at run 492): input #132 of size 106057; reason = +count
Saved - errorDir/corpus/id_000132 src:000007,havoc:1 +count
Saving new input (at run 504): input #133 of size 105705; reason = +count +cov +valid
Saved - errorDir/corpus/id_000133 src:000007,havoc:1 +count +cov +valid
Found crash: class nextflow.exception.ScriptCompilationException - Script compilation error
- file : /home/alena/growe/2023-08-11_20-36-35-2H/generatedflows/out1691788422419.nf
- cause: Identifier `of` is already used by another definition @ line 35, column 10.
    process of{ 
            ^

1 error

Saved - errorDir/failures/id_000002 src:000007,havoc:5 +crash
Saving new input (at run 508): input #134 of size 105805; reason = +count
Saved - errorDir/corpus/id_000134 src:000007,havoc:1 +count
Saving new input (at run 513): input #135 of size 105953; reason = +count
Saved - errorDir/corpus/id_000135 src:000007,havoc:26 +count
Saving new input (at run 518): input #136 of size 105829; reason = +count
Saved - errorDir/corpus/id_000136 src:000007,havoc:4 +count
Saving new input (at run 520): input #137 of size 105681; reason = +count
Saved - errorDir/corpus/id_000137 src:000007,havoc:3 +count
Saving new input (at run 527): input #138 of size 105657; reason = +count
Saved - errorDir/corpus/id_000138 src:000007,havoc:12 +count
Saving new input (at run 530): input #139 of size 106057; reason = +count
Saved - errorDir/corpus/id_000139 src:000007,havoc:2 +count
Saving new input (at run 539): input #140 of size 105049; reason = +count
Saved - errorDir/corpus/id_000140 src:000007,havoc:4 +count
Saving new input (at run 543): input #141 of size 105509; reason = +count
Saved - errorDir/corpus/id_000141 src:000007,havoc:19 +count
Saving new input (at run 546): input #142 of size 106117; reason = +count
Saved - errorDir/corpus/id_000142 src:000007,havoc:2 +count
Saving new input (at run 556): input #143 of size 106389; reason = +count
Saved - errorDir/corpus/id_000143 src:000007,havoc:5 +count
Saving new input (at run 570): input #144 of size 105725; reason = +count
Saved - errorDir/corpus/id_000144 src:000007,havoc:6 +count
Saving new input (at run 572): input #145 of size 105677; reason = +count +cov +valid
Saved - errorDir/corpus/id_000145 src:000007,havoc:1 +count +cov +valid
Saving new input (at run 575): input #146 of size 106725; reason = +count
Saved - errorDir/corpus/id_000146 src:000007,havoc:1 +count
Saving new input (at run 576): input #147 of size 105537; reason = +count
Saved - errorDir/corpus/id_000147 src:000007,havoc:13 +count
Saving new input (at run 577): input #148 of size 106185; reason = +count
Saved - errorDir/corpus/id_000148 src:000007,havoc:4 +count
Saving new input (at run 578): input #149 of size 105893; reason = +count
Saved - errorDir/corpus/id_000149 src:000007,havoc:17 +count
Saving new input (at run 579): input #150 of size 105781; reason = +count
Saved - errorDir/corpus/id_000150 src:000007,havoc:5 +count
Saving new input (at run 580): input #151 of size 105449; reason = +count
Saved - errorDir/corpus/id_000151 src:000007,havoc:8 +count
Saving new input (at run 584): input #152 of size 105957; reason = +count
Saved - errorDir/corpus/id_000152 src:000007,havoc:1 +count
Saving new input (at run 591): input #153 of size 105917; reason = +count
Saved - errorDir/corpus/id_000153 src:000007,havoc:9 +count
Saving new input (at run 605): input #154 of size 105529; reason = +count
Saved - errorDir/corpus/id_000154 src:000007,havoc:8 +count
Saving new input (at run 606): input #155 of size 105285; reason = +count
Saved - errorDir/corpus/id_000155 src:000007,havoc:4 +count
Saving new input (at run 607): input #156 of size 106517; reason = +count
Saved - errorDir/corpus/id_000156 src:000007,havoc:1 +count
Saving new input (at run 616): input #157 of size 105533; reason = +count
Saved - errorDir/corpus/id_000157 src:000007,havoc:1 +count
Saving new input (at run 617): input #158 of size 106045; reason = +count
Saved - errorDir/corpus/id_000158 src:000007,havoc:3 +count
Saving new input (at run 632): input #159 of size 105805; reason = +count
Saved - errorDir/corpus/id_000159 src:000007,havoc:10 +count
Saving new input (at run 637): input #160 of size 105705; reason = +count
Saved - errorDir/corpus/id_000160 src:000007,havoc:1 +count
Saving new input (at run 639): input #161 of size 106149; reason = +count
Saved - errorDir/corpus/id_000161 src:000007,havoc:4 +count
Saving new input (at run 649): input #162 of size 105953; reason = +count
Saved - errorDir/corpus/id_000162 src:000007,havoc:1 +count
Saving new input (at run 650): input #163 of size 105829; reason = +count
Saved - errorDir/corpus/id_000163 src:000007,havoc:3 +count
Saving new input (at run 652): input #164 of size 105909; reason = +count +cov +valid
Saved - errorDir/corpus/id_000164 src:000007,havoc:5 +count +cov +valid
Saving new input (at run 653): input #165 of size 106029; reason = +count
Saved - errorDir/corpus/id_000165 src:000007,havoc:11 +count
Saving new input (at run 658): input #166 of size 105849; reason = +count
Saved - errorDir/corpus/id_000166 src:000007,havoc:21 +count
Saving new input (at run 663): input #167 of size 105709; reason = +count
Saved - errorDir/corpus/id_000167 src:000007,havoc:1 +count
Saving new input (at run 664): input #168 of size 105725; reason = +count
Saved - errorDir/corpus/id_000168 src:000007,havoc:7 +count
Saving new input (at run 667): input #169 of size 105705; reason = +count
Saved - errorDir/corpus/id_000169 src:000007,havoc:2 +count
Saving new input (at run 735): input #170 of size 105701; reason = +count
Saved - errorDir/corpus/id_000170 src:000007,havoc:7 +count
Saving new input (at run 740): input #171 of size 105557; reason = +count
Saved - errorDir/corpus/id_000171 src:000007,havoc:11 +count
Saving new input (at run 752): input #172 of size 105353; reason = +count
Saved - errorDir/corpus/id_000172 src:000007,havoc:1 +count
Saving new input (at run 753): input #173 of size 106553; reason = +count
Saved - errorDir/corpus/id_000173 src:000007,havoc:12 +count
Saving new input (at run 764): input #174 of size 106293; reason = +count
Saved - errorDir/corpus/id_000174 src:000007,havoc:2 +count
Saving new input (at run 771): input #175 of size 106045; reason = +count
Saved - errorDir/corpus/id_000175 src:000007,havoc:1 +count
Saving new input (at run 790): input #176 of size 105613; reason = +count
Saved - errorDir/corpus/id_000176 src:000007,havoc:3 +count
Saving new input (at run 792): input #177 of size 106321; reason = +count +cov +valid
Saved - errorDir/corpus/id_000177 src:000007,havoc:1 +count +cov +valid
Saving new input (at run 820): input #178 of size 105969; reason = +count
Saved - errorDir/corpus/id_000178 src:000007,havoc:1 +count
Saving new input (at run 825): input #179 of size 105637; reason = +count
Saved - errorDir/corpus/id_000179 src:000007,havoc:6 +count
Saving new input (at run 829): input #180 of size 105977; reason = +count
Saved - errorDir/corpus/id_000180 src:000007,havoc:4 +count
Saving new input (at run 831): input #181 of size 105573; reason = +count
Saved - errorDir/corpus/id_000181 src:000007,havoc:5 +count
Saving new input (at run 832): input #182 of size 105573; reason = +count
Saved - errorDir/corpus/id_000182 src:000007,havoc:1 +count
Saving new input (at run 834): input #183 of size 105961; reason = +count
Saved - errorDir/corpus/id_000183 src:000007,havoc:1 +count
Saving new input (at run 835): input #184 of size 105817; reason = +count
Saved - errorDir/corpus/id_000184 src:000007,havoc:26 +count
Saving new input (at run 836): input #185 of size 105917; reason = +count
Saved - errorDir/corpus/id_000185 src:000007,havoc:16 +count
Saving new input (at run 837): input #186 of size 105781; reason = +count
Saved - errorDir/corpus/id_000186 src:000007,havoc:3 +count
Saving new input (at run 844): input #187 of size 105925; reason = +count
Saved - errorDir/corpus/id_000187 src:000007,havoc:18 +count
Saving new input (at run 878): input #188 of size 106149; reason = +count
Saved - errorDir/corpus/id_000188 src:000007,havoc:6 +count
Saving new input (at run 890): input #189 of size 105925; reason = +count
Saved - errorDir/corpus/id_000189 src:000007,havoc:3 +count
Saving new input (at run 904): input #190 of size 4; reason = +count +cov +valid
Saved - errorDir/corpus/id_000190 src:000008,havoc:20 +count +cov +valid
Saving new input (at run 905): input #191 of size 8; reason = +count
Saved - errorDir/corpus/id_000191 src:000008,havoc:10 +count
Saving new input (at run 906): input #192 of size 105669; reason = +count
Saved - errorDir/corpus/id_000192 src:000008,havoc:14 +count
Saving new input (at run 907): input #193 of size 4; reason = +count +cov +valid
Saved - errorDir/corpus/id_000193 src:000008,havoc:2 +count +cov +valid
Saving new input (at run 909): input #194 of size 8; reason = +count +cov
Saved - errorDir/corpus/id_000194 src:000008,havoc:39 +count +cov
Saving new input (at run 910): input #195 of size 8; reason = +count +cov
Saved - errorDir/corpus/id_000195 src:000008,havoc:3 +count +cov
Saving new input (at run 920): input #196 of size 8; reason = +count
Saved - errorDir/corpus/id_000196 src:000008,havoc:2 +count
Saving new input (at run 1138): input #197 of size 104969; reason = +count
Saved - errorDir/corpus/id_000197 src:000013,havoc:5 +count
Saving new input (at run 1180): input #198 of size 105565; reason = +count
Saved - errorDir/corpus/id_000198 src:000013,havoc:6 +count
